Build output check failed:
    Regex: 'command[- ]line option .* is valid for .* but not for C'
    Output line: 'cc1: warning: command-line option ‘-Wnon-virtual-dtor’ is valid for C++/ObjC++ but not for C'
Compilation failed:
    source file: '/home/denatle/Rust/zernov_headset_rust/build/CMakeFiles/CMakeTmp/src.c'
    check option: ' -fsigned-char -W -Wall -Wreturn-type  -Wnon-virtual-dtor'
===== BUILD LOG =====
Change Dir: '/home/denatle/Rust/zernov_headset_rust/build/CMakeFiles/CMakeTmp'

Run Build Command(s): /usr/bin/cmake -E env VERBOSE=1 /usr/bin/make -f Makefile cmTC_4f664/fast
/usr/bin/make  -f CMakeFiles/cmTC_4f664.dir/build.make CMakeFiles/cmTC_4f664.dir/build
make[1]: Entering directory '/home/denatle/Rust/zernov_headset_rust/build/CMakeFiles/CMakeTmp'
Building C object CMakeFiles/cmTC_4f664.dir/src.c.o
/usr/bin/cc   -O3 -DNDEBUG -fPIE    -fsigned-char -W -Wall -Wreturn-type  -Wnon-virtual-dtor -o CMakeFiles/cmTC_4f664.dir/src.c.o -c /home/denatle/Rust/zernov_headset_rust/build/CMakeFiles/CMakeTmp/src.c
cc1: warning: command-line option ‘-Wnon-virtual-dtor’ is valid for C++/ObjC++ but not for C
/home/denatle/Rust/zernov_headset_rust/build/CMakeFiles/CMakeTmp/src.c:1: warning: ignoring ‘#pragma  ’ [-Wunknown-pragmas]
    1 | #pragma
      | 
Linking C executable cmTC_4f664
/usr/bin/cmake -E cmake_link_script CMakeFiles/cmTC_4f664.dir/link.txt --verbose=1
/usr/bin/cc -O3 -DNDEBUG CMakeFiles/cmTC_4f664.dir/src.c.o -o cmTC_4f664
make[1]: Leaving directory '/home/denatle/Rust/zernov_headset_rust/build/CMakeFiles/CMakeTmp'


===== END =====

Build output check failed:
    Regex: 'command[- ]line option .* is valid for .* but not for C\+\+'
    Output line: 'cc1plus: warning: command-line option ‘-Wmissing-prototypes’ is valid for C/ObjC but not for C++'
Compilation failed:
    source file: '/home/denatle/Rust/zernov_headset_rust/build/CMakeFiles/CMakeTmp/src.cxx'
    check option: ' -fsigned-char -W -Wall -Wreturn-type -Wnon-virtual-dtor -Waddress -Wsequence-point -Wformat -Wformat-security -Wmissing-declarations  -Wmissing-prototypes'
===== BUILD LOG =====
Change Dir: '/home/denatle/Rust/zernov_headset_rust/build/CMakeFiles/CMakeTmp'

Run Build Command(s): /usr/bin/cmake -E env VERBOSE=1 /usr/bin/make -f Makefile cmTC_d599e/fast
/usr/bin/make  -f CMakeFiles/cmTC_d599e.dir/build.make CMakeFiles/cmTC_d599e.dir/build
make[1]: Entering directory '/home/denatle/Rust/zernov_headset_rust/build/CMakeFiles/CMakeTmp'
Building CXX object CMakeFiles/cmTC_d599e.dir/src.cxx.o
/usr/bin/c++   -O3 -DNDEBUG -std=c++11 -fPIE    -fsigned-char -W -Wall -Wreturn-type -Wnon-virtual-dtor -Waddress -Wsequence-point -Wformat -Wformat-security -Wmissing-declarations  -Wmissing-prototypes -o CMakeFiles/cmTC_d599e.dir/src.cxx.o -c /home/denatle/Rust/zernov_headset_rust/build/CMakeFiles/CMakeTmp/src.cxx
cc1plus: warning: command-line option ‘-Wmissing-prototypes’ is valid for C/ObjC but not for C++
/home/denatle/Rust/zernov_headset_rust/build/CMakeFiles/CMakeTmp/src.cxx:1: warning: ignoring ‘#pragma  ’ [-Wunknown-pragmas]
    1 | #pragma
      | 
Linking CXX executable cmTC_d599e
/usr/bin/cmake -E cmake_link_script CMakeFiles/cmTC_d599e.dir/link.txt --verbose=1
/usr/bin/c++ -O3 -DNDEBUG CMakeFiles/cmTC_d599e.dir/src.cxx.o -o cmTC_d599e
make[1]: Leaving directory '/home/denatle/Rust/zernov_headset_rust/build/CMakeFiles/CMakeTmp'


===== END =====

Build output check failed:
    Regex: 'command[- ]line option .* is valid for .* but not for C\+\+'
    Output line: 'cc1plus: warning: command-line option ‘-Wstrict-prototypes’ is valid for C/ObjC but not for C++'
Compilation failed:
    source file: '/home/denatle/Rust/zernov_headset_rust/build/CMakeFiles/CMakeTmp/src.cxx'
    check option: ' -fsigned-char -W -Wall -Wreturn-type -Wnon-virtual-dtor -Waddress -Wsequence-point -Wformat -Wformat-security -Wmissing-declarations  -Wstrict-prototypes'
===== BUILD LOG =====
Change Dir: '/home/denatle/Rust/zernov_headset_rust/build/CMakeFiles/CMakeTmp'

Run Build Command(s): /usr/bin/cmake -E env VERBOSE=1 /usr/bin/make -f Makefile cmTC_2c6b6/fast
/usr/bin/make  -f CMakeFiles/cmTC_2c6b6.dir/build.make CMakeFiles/cmTC_2c6b6.dir/build
make[1]: Entering directory '/home/denatle/Rust/zernov_headset_rust/build/CMakeFiles/CMakeTmp'
Building CXX object CMakeFiles/cmTC_2c6b6.dir/src.cxx.o
/usr/bin/c++   -O3 -DNDEBUG -std=c++11 -fPIE    -fsigned-char -W -Wall -Wreturn-type -Wnon-virtual-dtor -Waddress -Wsequence-point -Wformat -Wformat-security -Wmissing-declarations  -Wstrict-prototypes -o CMakeFiles/cmTC_2c6b6.dir/src.cxx.o -c /home/denatle/Rust/zernov_headset_rust/build/CMakeFiles/CMakeTmp/src.cxx
cc1plus: warning: command-line option ‘-Wstrict-prototypes’ is valid for C/ObjC but not for C++
/home/denatle/Rust/zernov_headset_rust/build/CMakeFiles/CMakeTmp/src.cxx:1: warning: ignoring ‘#pragma  ’ [-Wunknown-pragmas]
    1 | #pragma
      | 
Linking CXX executable cmTC_2c6b6
/usr/bin/cmake -E cmake_link_script CMakeFiles/cmTC_2c6b6.dir/link.txt --verbose=1
/usr/bin/c++ -O3 -DNDEBUG CMakeFiles/cmTC_2c6b6.dir/src.cxx.o -o cmTC_2c6b6
make[1]: Leaving directory '/home/denatle/Rust/zernov_headset_rust/build/CMakeFiles/CMakeTmp'


===== END =====

Build output check failed:
    Regex: 'command[- ]line option .* is valid for .* but not for C'
    Output line: 'cc1: warning: command-line option ‘-Wsign-promo’ is valid for C++/ObjC++ but not for C'
Compilation failed:
    source file: '/home/denatle/Rust/zernov_headset_rust/build/CMakeFiles/CMakeTmp/src.c'
    check option: ' -fsigned-char -W -Wall -Wreturn-type -Waddress -Wsequence-point -Wformat -Wformat-security -Wmissing-declarations -Wmissing-prototypes -Wstrict-prototypes -Wundef -Winit-self -Wpointer-arith -Wshadow  -Wsign-promo'
===== BUILD LOG =====
Change Dir: '/home/denatle/Rust/zernov_headset_rust/build/CMakeFiles/CMakeTmp'

Run Build Command(s): /usr/bin/cmake -E env VERBOSE=1 /usr/bin/make -f Makefile cmTC_80ce7/fast
/usr/bin/make  -f CMakeFiles/cmTC_80ce7.dir/build.make CMakeFiles/cmTC_80ce7.dir/build
make[1]: Entering directory '/home/denatle/Rust/zernov_headset_rust/build/CMakeFiles/CMakeTmp'
Building C object CMakeFiles/cmTC_80ce7.dir/src.c.o
/usr/bin/cc   -O3 -DNDEBUG -fPIE    -fsigned-char -W -Wall -Wreturn-type -Waddress -Wsequence-point -Wformat -Wformat-security -Wmissing-declarations -Wmissing-prototypes -Wstrict-prototypes -Wundef -Winit-self -Wpointer-arith -Wshadow  -Wsign-promo -o CMakeFiles/cmTC_80ce7.dir/src.c.o -c /home/denatle/Rust/zernov_headset_rust/build/CMakeFiles/CMakeTmp/src.c
cc1: warning: command-line option ‘-Wsign-promo’ is valid for C++/ObjC++ but not for C
/home/denatle/Rust/zernov_headset_rust/build/CMakeFiles/CMakeTmp/src.c:1: warning: ignoring ‘#pragma  ’ [-Wunknown-pragmas]
    1 | #pragma
      | 
Linking C executable cmTC_80ce7
/usr/bin/cmake -E cmake_link_script CMakeFiles/cmTC_80ce7.dir/link.txt --verbose=1
/usr/bin/cc -O3 -DNDEBUG CMakeFiles/cmTC_80ce7.dir/src.c.o -o cmTC_80ce7
make[1]: Leaving directory '/home/denatle/Rust/zernov_headset_rust/build/CMakeFiles/CMakeTmp'


===== END =====

Build output check failed:
    Regex: 'command[- ]line option .* is valid for .* but not for C'
    Output line: 'cc1: warning: command-line option ‘-Wsuggest-override’ is valid for C++/ObjC++ but not for C'
Compilation failed:
    source file: '/home/denatle/Rust/zernov_headset_rust/build/CMakeFiles/CMakeTmp/src.c'
    check option: ' -fsigned-char -W -Wall -Wreturn-type -Waddress -Wsequence-point -Wformat -Wformat-security -Wmissing-declarations -Wmissing-prototypes -Wstrict-prototypes -Wundef -Winit-self -Wpointer-arith -Wshadow -Wuninitialized  -Wsuggest-override'
===== BUILD LOG =====
Change Dir: '/home/denatle/Rust/zernov_headset_rust/build/CMakeFiles/CMakeTmp'

Run Build Command(s): /usr/bin/cmake -E env VERBOSE=1 /usr/bin/make -f Makefile cmTC_db566/fast
/usr/bin/make  -f CMakeFiles/cmTC_db566.dir/build.make CMakeFiles/cmTC_db566.dir/build
make[1]: Entering directory '/home/denatle/Rust/zernov_headset_rust/build/CMakeFiles/CMakeTmp'
Building C object CMakeFiles/cmTC_db566.dir/src.c.o
/usr/bin/cc   -O3 -DNDEBUG -fPIE    -fsigned-char -W -Wall -Wreturn-type -Waddress -Wsequence-point -Wformat -Wformat-security -Wmissing-declarations -Wmissing-prototypes -Wstrict-prototypes -Wundef -Winit-self -Wpointer-arith -Wshadow -Wuninitialized  -Wsuggest-override -o CMakeFiles/cmTC_db566.dir/src.c.o -c /home/denatle/Rust/zernov_headset_rust/build/CMakeFiles/CMakeTmp/src.c
cc1: warning: command-line option ‘-Wsuggest-override’ is valid for C++/ObjC++ but not for C
/home/denatle/Rust/zernov_headset_rust/build/CMakeFiles/CMakeTmp/src.c:1: warning: ignoring ‘#pragma  ’ [-Wunknown-pragmas]
    1 | #pragma
      | 
Linking C executable cmTC_db566
/usr/bin/cmake -E cmake_link_script CMakeFiles/cmTC_db566.dir/link.txt --verbose=1
/usr/bin/cc -O3 -DNDEBUG CMakeFiles/cmTC_db566.dir/src.c.o -o cmTC_db566
make[1]: Leaving directory '/home/denatle/Rust/zernov_headset_rust/build/CMakeFiles/CMakeTmp'


===== END =====

Build output check failed:
    Regex: 'command[- ]line option .* is valid for .* but not for C'
    Output line: 'cc1: warning: command-line option ‘-Wno-delete-non-virtual-dtor’ is valid for C++/ObjC++ but not for C'
Compilation failed:
    source file: '/home/denatle/Rust/zernov_headset_rust/build/CMakeFiles/CMakeTmp/src.c'
    check option: ' -fsigned-char -W -Wall -Wreturn-type -Waddress -Wsequence-point -Wformat -Wformat-security -Wmissing-declarations -Wmissing-prototypes -Wstrict-prototypes -Wundef -Winit-self -Wpointer-arith -Wshadow -Wuninitialized  -Wno-delete-non-virtual-dtor'
===== BUILD LOG =====
Change Dir: '/home/denatle/Rust/zernov_headset_rust/build/CMakeFiles/CMakeTmp'

Run Build Command(s): /usr/bin/cmake -E env VERBOSE=1 /usr/bin/make -f Makefile cmTC_abb92/fast
/usr/bin/make  -f CMakeFiles/cmTC_abb92.dir/build.make CMakeFiles/cmTC_abb92.dir/build
make[1]: Entering directory '/home/denatle/Rust/zernov_headset_rust/build/CMakeFiles/CMakeTmp'
Building C object CMakeFiles/cmTC_abb92.dir/src.c.o
/usr/bin/cc   -O3 -DNDEBUG -fPIE    -fsigned-char -W -Wall -Wreturn-type -Waddress -Wsequence-point -Wformat -Wformat-security -Wmissing-declarations -Wmissing-prototypes -Wstrict-prototypes -Wundef -Winit-self -Wpointer-arith -Wshadow -Wuninitialized  -Wno-delete-non-virtual-dtor -o CMakeFiles/cmTC_abb92.dir/src.c.o -c /home/denatle/Rust/zernov_headset_rust/build/CMakeFiles/CMakeTmp/src.c
cc1: warning: command-line option ‘-Wno-delete-non-virtual-dtor’ is valid for C++/ObjC++ but not for C
/home/denatle/Rust/zernov_headset_rust/build/CMakeFiles/CMakeTmp/src.c:1: warning: ignoring ‘#pragma  ’ [-Wunknown-pragmas]
    1 | #pragma
      | 
Linking C executable cmTC_abb92
/usr/bin/cmake -E cmake_link_script CMakeFiles/cmTC_abb92.dir/link.txt --verbose=1
/usr/bin/cc -O3 -DNDEBUG CMakeFiles/cmTC_abb92.dir/src.c.o -o cmTC_abb92
make[1]: Leaving directory '/home/denatle/Rust/zernov_headset_rust/build/CMakeFiles/CMakeTmp'


===== END =====

Build output check failed:
    Regex: 'unrecognized .*option'
    Output line: 'cc1plus: note: unrecognized command-line option ‘-Wno-unnamed-type-template-args’ may have been intended to silence earlier diagnostics'
Compilation failed:
    source file: '/home/denatle/Rust/zernov_headset_rust/build/CMakeFiles/CMakeTmp/src.cxx'
    check option: ' -fsigned-char -W -Wall -Wreturn-type -Wnon-virtual-dtor -Waddress -Wsequence-point -Wformat -Wformat-security -Wmissing-declarations -Wundef -Winit-self -Wpointer-arith -Wshadow -Wsign-promo -Wuninitialized -Wsuggest-override -Wno-delete-non-virtual-dtor  -Wno-unnamed-type-template-args'
===== BUILD LOG =====
Change Dir: '/home/denatle/Rust/zernov_headset_rust/build/CMakeFiles/CMakeTmp'

Run Build Command(s): /usr/bin/cmake -E env VERBOSE=1 /usr/bin/make -f Makefile cmTC_90766/fast
/usr/bin/make  -f CMakeFiles/cmTC_90766.dir/build.make CMakeFiles/cmTC_90766.dir/build
make[1]: Entering directory '/home/denatle/Rust/zernov_headset_rust/build/CMakeFiles/CMakeTmp'
Building CXX object CMakeFiles/cmTC_90766.dir/src.cxx.o
/usr/bin/c++   -O3 -DNDEBUG -std=c++11 -fPIE    -fsigned-char -W -Wall -Wreturn-type -Wnon-virtual-dtor -Waddress -Wsequence-point -Wformat -Wformat-security -Wmissing-declarations -Wundef -Winit-self -Wpointer-arith -Wshadow -Wsign-promo -Wuninitialized -Wsuggest-override -Wno-delete-non-virtual-dtor  -Wno-unnamed-type-template-args -o CMakeFiles/cmTC_90766.dir/src.cxx.o -c /home/denatle/Rust/zernov_headset_rust/build/CMakeFiles/CMakeTmp/src.cxx
/home/denatle/Rust/zernov_headset_rust/build/CMakeFiles/CMakeTmp/src.cxx:1: warning: ignoring ‘#pragma  ’ [-Wunknown-pragmas]
    1 | #pragma
      | 
cc1plus: note: unrecognized command-line option ‘-Wno-unnamed-type-template-args’ may have been intended to silence earlier diagnostics
Linking CXX executable cmTC_90766
/usr/bin/cmake -E cmake_link_script CMakeFiles/cmTC_90766.dir/link.txt --verbose=1
/usr/bin/c++ -O3 -DNDEBUG CMakeFiles/cmTC_90766.dir/src.cxx.o -o cmTC_90766
make[1]: Leaving directory '/home/denatle/Rust/zernov_headset_rust/build/CMakeFiles/CMakeTmp'


===== END =====

Build output check failed:
    Regex: 'unrecognized .*option'
    Output line: 'cc1: note: unrecognized command-line option ‘-Wno-unnamed-type-template-args’ may have been intended to silence earlier diagnostics'
Compilation failed:
    source file: '/home/denatle/Rust/zernov_headset_rust/build/CMakeFiles/CMakeTmp/src.c'
    check option: ' -fsigned-char -W -Wall -Wreturn-type -Waddress -Wsequence-point -Wformat -Wformat-security -Wmissing-declarations -Wmissing-prototypes -Wstrict-prototypes -Wundef -Winit-self -Wpointer-arith -Wshadow -Wuninitialized  -Wno-unnamed-type-template-args'
===== BUILD LOG =====
Change Dir: '/home/denatle/Rust/zernov_headset_rust/build/CMakeFiles/CMakeTmp'

Run Build Command(s): /usr/bin/cmake -E env VERBOSE=1 /usr/bin/make -f Makefile cmTC_85f98/fast
/usr/bin/make  -f CMakeFiles/cmTC_85f98.dir/build.make CMakeFiles/cmTC_85f98.dir/build
make[1]: Entering directory '/home/denatle/Rust/zernov_headset_rust/build/CMakeFiles/CMakeTmp'
Building C object CMakeFiles/cmTC_85f98.dir/src.c.o
/usr/bin/cc   -O3 -DNDEBUG -fPIE    -fsigned-char -W -Wall -Wreturn-type -Waddress -Wsequence-point -Wformat -Wformat-security -Wmissing-declarations -Wmissing-prototypes -Wstrict-prototypes -Wundef -Winit-self -Wpointer-arith -Wshadow -Wuninitialized  -Wno-unnamed-type-template-args -o CMakeFiles/cmTC_85f98.dir/src.c.o -c /home/denatle/Rust/zernov_headset_rust/build/CMakeFiles/CMakeTmp/src.c
/home/denatle/Rust/zernov_headset_rust/build/CMakeFiles/CMakeTmp/src.c:1: warning: ignoring ‘#pragma  ’ [-Wunknown-pragmas]
    1 | #pragma
      | 
cc1: note: unrecognized command-line option ‘-Wno-unnamed-type-template-args’ may have been intended to silence earlier diagnostics
Linking C executable cmTC_85f98
/usr/bin/cmake -E cmake_link_script CMakeFiles/cmTC_85f98.dir/link.txt --verbose=1
/usr/bin/cc -O3 -DNDEBUG CMakeFiles/cmTC_85f98.dir/src.c.o -o cmTC_85f98
make[1]: Leaving directory '/home/denatle/Rust/zernov_headset_rust/build/CMakeFiles/CMakeTmp'


===== END =====

Build output check failed:
    Regex: 'command[- ]line option .* is valid for .* but not for C'
    Output line: 'cc1: warning: command-line option ‘-fvisibility-inlines-hidden’ is valid for C++/ObjC++ but not for C'
Compilation failed:
    source file: '/home/denatle/Rust/zernov_headset_rust/build/CMakeFiles/CMakeTmp/src.c'
    check option: ' -fsigned-char -W -Wall -Wreturn-type -Waddress -Wsequence-point -Wformat -Wformat-security -Wmissing-declarations -Wmissing-prototypes -Wstrict-prototypes -Wundef -Winit-self -Wpointer-arith -Wshadow -Wuninitialized -Wno-comment -Wimplicit-fallthrough=3 -Wno-strict-overflow -fdiagnostics-show-option -Wno-long-long -pthread -fomit-frame-pointer -ffunction-sections -fdata-sections  -msse -msse2 -msse3 -fvisibility=hidden  -fvisibility-inlines-hidden'
===== BUILD LOG =====
Change Dir: '/home/denatle/Rust/zernov_headset_rust/build/CMakeFiles/CMakeTmp'

Run Build Command(s): /usr/bin/cmake -E env VERBOSE=1 /usr/bin/make -f Makefile cmTC_dd47f/fast
/usr/bin/make  -f CMakeFiles/cmTC_dd47f.dir/build.make CMakeFiles/cmTC_dd47f.dir/build
make[1]: Entering directory '/home/denatle/Rust/zernov_headset_rust/build/CMakeFiles/CMakeTmp'
Building C object CMakeFiles/cmTC_dd47f.dir/src.c.o
/usr/bin/cc   -O3 -DNDEBUG -fPIE    -fsigned-char -W -Wall -Wreturn-type -Waddress -Wsequence-point -Wformat -Wformat-security -Wmissing-declarations -Wmissing-prototypes -Wstrict-prototypes -Wundef -Winit-self -Wpointer-arith -Wshadow -Wuninitialized -Wno-comment -Wimplicit-fallthrough=3 -Wno-strict-overflow -fdiagnostics-show-option -Wno-long-long -pthread -fomit-frame-pointer -ffunction-sections -fdata-sections  -msse -msse2 -msse3 -fvisibility=hidden  -fvisibility-inlines-hidden -o CMakeFiles/cmTC_dd47f.dir/src.c.o -c /home/denatle/Rust/zernov_headset_rust/build/CMakeFiles/CMakeTmp/src.c
cc1: warning: command-line option ‘-fvisibility-inlines-hidden’ is valid for C++/ObjC++ but not for C
/home/denatle/Rust/zernov_headset_rust/build/CMakeFiles/CMakeTmp/src.c:1: warning: ignoring ‘#pragma  ’ [-Wunknown-pragmas]
    1 | #pragma
      | 
Linking C executable cmTC_dd47f
/usr/bin/cmake -E cmake_link_script CMakeFiles/cmTC_dd47f.dir/link.txt --verbose=1
/usr/bin/cc -O3 -DNDEBUG CMakeFiles/cmTC_dd47f.dir/src.c.o -o cmTC_dd47f
make[1]: Leaving directory '/home/denatle/Rust/zernov_headset_rust/build/CMakeFiles/CMakeTmp'


===== END =====

Build output check failed:
    Regex: 'command[- ]line option .* is valid for .* but not for C\+\+'
    Output line: 'cc1plus: warning: command-line option ‘-Wno-missing-prototypes’ is valid for C/ObjC but not for C++'
Compilation failed:
    source file: '/home/denatle/Rust/zernov_headset_rust/build/CMakeFiles/CMakeTmp/src.cxx'
    check option: ' -Wno-missing-prototypes'
===== BUILD LOG =====
Change Dir: '/home/denatle/Rust/zernov_headset_rust/build/CMakeFiles/CMakeTmp'

Run Build Command(s): /usr/bin/cmake -E env VERBOSE=1 /usr/bin/make -f Makefile cmTC_77ad5/fast
/usr/bin/make  -f CMakeFiles/cmTC_77ad5.dir/build.make CMakeFiles/cmTC_77ad5.dir/build
make[1]: Entering directory '/home/denatle/Rust/zernov_headset_rust/build/CMakeFiles/CMakeTmp'
Building CXX object CMakeFiles/cmTC_77ad5.dir/src.cxx.o
/usr/bin/c++   -fsigned-char -W -Wall -Wreturn-type -Wnon-virtual-dtor -Waddress -Wsequence-point -Wformat -Wformat-security -Wmissing-declarations -Wundef -Winit-self -Wpointer-arith -Wshadow -Wsign-promo -Wuninitialized -Wsuggest-override -Wno-delete-non-virtual-dtor -Wno-comment -Wimplicit-fallthrough=3 -Wno-strict-overflow -fdiagnostics-show-option -Wno-long-long -pthread -fomit-frame-pointer -ffunction-sections -fdata-sections  -msse -msse2 -msse3 -fvisibility=hidden -fvisibility-inlines-hidden -Wno-deprecated  -O3 -DNDEBUG  -DNDEBUG -std=c++11 -fPIE    -Wno-missing-prototypes -o CMakeFiles/cmTC_77ad5.dir/src.cxx.o -c /home/denatle/Rust/zernov_headset_rust/build/CMakeFiles/CMakeTmp/src.cxx
cc1plus: warning: command-line option ‘-Wno-missing-prototypes’ is valid for C/ObjC but not for C++
/home/denatle/Rust/zernov_headset_rust/build/CMakeFiles/CMakeTmp/src.cxx:1: warning: ignoring ‘#pragma  ’ [-Wunknown-pragmas]
    1 | #pragma
      | 
Linking CXX executable cmTC_77ad5
/usr/bin/cmake -E cmake_link_script CMakeFiles/cmTC_77ad5.dir/link.txt --verbose=1
/usr/bin/c++    -fsigned-char -W -Wall -Wreturn-type -Wnon-virtual-dtor -Waddress -Wsequence-point -Wformat -Wformat-security -Wmissing-declarations -Wundef -Winit-self -Wpointer-arith -Wshadow -Wsign-promo -Wuninitialized -Wsuggest-override -Wno-delete-non-virtual-dtor -Wno-comment -Wimplicit-fallthrough=3 -Wno-strict-overflow -fdiagnostics-show-option -Wno-long-long -pthread -fomit-frame-pointer -ffunction-sections -fdata-sections  -msse -msse2 -msse3 -fvisibility=hidden -fvisibility-inlines-hidden -Wno-deprecated  -O3 -DNDEBUG  -DNDEBUG   -Wl,--gc-sections -Wl,--as-needed -Wl,--no-undefined  CMakeFiles/cmTC_77ad5.dir/src.cxx.o -o cmTC_77ad5
make[1]: Leaving directory '/home/denatle/Rust/zernov_headset_rust/build/CMakeFiles/CMakeTmp'


===== END =====

Build output check failed:
    Regex: 'unrecognized .*option'
    Output line: 'cc1plus: note: unrecognized command-line option ‘-Wno-tautological-undefined-compare’ may have been intended to silence earlier diagnostics'
Compilation failed:
    source file: '/home/denatle/Rust/zernov_headset_rust/build/CMakeFiles/CMakeTmp/src.cxx'
    check option: ' -Wno-tautological-undefined-compare'
===== BUILD LOG =====
Change Dir: '/home/denatle/Rust/zernov_headset_rust/build/CMakeFiles/CMakeTmp'

Run Build Command(s): /usr/bin/cmake -E env VERBOSE=1 /usr/bin/make -f Makefile cmTC_286c2/fast
/usr/bin/make  -f CMakeFiles/cmTC_286c2.dir/build.make CMakeFiles/cmTC_286c2.dir/build
make[1]: Entering directory '/home/denatle/Rust/zernov_headset_rust/build/CMakeFiles/CMakeTmp'
Building CXX object CMakeFiles/cmTC_286c2.dir/src.cxx.o
/usr/bin/c++   -fsigned-char -W -Wall -Wreturn-type -Wnon-virtual-dtor -Waddress -Wsequence-point -Wformat -Wformat-security -Winit-self -Wpointer-arith -Wuninitialized -Wsuggest-override -Wno-delete-non-virtual-dtor -Wno-comment -Wimplicit-fallthrough=3 -Wno-strict-overflow -fdiagnostics-show-option -Wno-long-long -pthread -fomit-frame-pointer -ffunction-sections -fdata-sections  -msse -msse2 -msse3 -fvisibility=hidden -fvisibility-inlines-hidden -Wno-deprecated -Wno-missing-declarations -Wno-shadow -Wno-unused-parameter -Wno-unused-local-typedefs -Wno-sign-compare -Wno-sign-promo -Wno-undef  -O3 -DNDEBUG  -DNDEBUG -std=c++11 -fPIE    -Wno-tautological-undefined-compare -o CMakeFiles/cmTC_286c2.dir/src.cxx.o -c /home/denatle/Rust/zernov_headset_rust/build/CMakeFiles/CMakeTmp/src.cxx
/home/denatle/Rust/zernov_headset_rust/build/CMakeFiles/CMakeTmp/src.cxx:1: warning: ignoring ‘#pragma  ’ [-Wunknown-pragmas]
    1 | #pragma
      | 
cc1plus: note: unrecognized command-line option ‘-Wno-tautological-undefined-compare’ may have been intended to silence earlier diagnostics
Linking CXX executable cmTC_286c2
/usr/bin/cmake -E cmake_link_script CMakeFiles/cmTC_286c2.dir/link.txt --verbose=1
/usr/bin/c++    -fsigned-char -W -Wall -Wreturn-type -Wnon-virtual-dtor -Waddress -Wsequence-point -Wformat -Wformat-security -Winit-self -Wpointer-arith -Wuninitialized -Wsuggest-override -Wno-delete-non-virtual-dtor -Wno-comment -Wimplicit-fallthrough=3 -Wno-strict-overflow -fdiagnostics-show-option -Wno-long-long -pthread -fomit-frame-pointer -ffunction-sections -fdata-sections  -msse -msse2 -msse3 -fvisibility=hidden -fvisibility-inlines-hidden -Wno-deprecated -Wno-missing-declarations -Wno-shadow -Wno-unused-parameter -Wno-unused-local-typedefs -Wno-sign-compare -Wno-sign-promo -Wno-undef  -O3 -DNDEBUG  -DNDEBUG   -Wl,--gc-sections -Wl,--as-needed -Wl,--no-undefined  CMakeFiles/cmTC_286c2.dir/src.cxx.o -o cmTC_286c2
make[1]: Leaving directory '/home/denatle/Rust/zernov_headset_rust/build/CMakeFiles/CMakeTmp'


===== END =====

Build output check failed:
    Regex: 'unrecognized .*option'
    Output line: 'cc1plus: note: unrecognized command-line option ‘-Wno-shorten-64-to-32’ may have been intended to silence earlier diagnostics'
Compilation failed:
    source file: '/home/denatle/Rust/zernov_headset_rust/build/CMakeFiles/CMakeTmp/src.cxx'
    check option: ' -Wno-shorten-64-to-32'
===== BUILD LOG =====
Change Dir: '/home/denatle/Rust/zernov_headset_rust/build/CMakeFiles/CMakeTmp'

Run Build Command(s): /usr/bin/cmake -E env VERBOSE=1 /usr/bin/make -f Makefile cmTC_411e7/fast
/usr/bin/make  -f CMakeFiles/cmTC_411e7.dir/build.make CMakeFiles/cmTC_411e7.dir/build
make[1]: Entering directory '/home/denatle/Rust/zernov_headset_rust/build/CMakeFiles/CMakeTmp'
Building CXX object CMakeFiles/cmTC_411e7.dir/src.cxx.o
/usr/bin/c++   -fsigned-char -W -Wall -Wreturn-type -Wnon-virtual-dtor -Waddress -Wsequence-point -Wformat -Wformat-security -Winit-self -Wpointer-arith -Wuninitialized -Wsuggest-override -Wno-delete-non-virtual-dtor -Wno-comment -Wimplicit-fallthrough=3 -Wno-strict-overflow -fdiagnostics-show-option -Wno-long-long -pthread -fomit-frame-pointer -ffunction-sections -fdata-sections  -msse -msse2 -msse3 -fvisibility=hidden -fvisibility-inlines-hidden -Wno-deprecated -Wno-missing-declarations -Wno-shadow -Wno-unused-parameter -Wno-unused-local-typedefs -Wno-sign-compare -Wno-sign-promo -Wno-undef -Wno-ignored-qualifiers -Wno-extra -Wno-unused-function -Wno-unused-const-variable  -O3 -DNDEBUG  -DNDEBUG -std=c++11 -fPIE    -Wno-shorten-64-to-32 -o CMakeFiles/cmTC_411e7.dir/src.cxx.o -c /home/denatle/Rust/zernov_headset_rust/build/CMakeFiles/CMakeTmp/src.cxx
/home/denatle/Rust/zernov_headset_rust/build/CMakeFiles/CMakeTmp/src.cxx:1: warning: ignoring ‘#pragma  ’ [-Wunknown-pragmas]
    1 | #pragma
      | 
cc1plus: note: unrecognized command-line option ‘-Wno-shorten-64-to-32’ may have been intended to silence earlier diagnostics
Linking CXX executable cmTC_411e7
/usr/bin/cmake -E cmake_link_script CMakeFiles/cmTC_411e7.dir/link.txt --verbose=1
/usr/bin/c++    -fsigned-char -W -Wall -Wreturn-type -Wnon-virtual-dtor -Waddress -Wsequence-point -Wformat -Wformat-security -Winit-self -Wpointer-arith -Wuninitialized -Wsuggest-override -Wno-delete-non-virtual-dtor -Wno-comment -Wimplicit-fallthrough=3 -Wno-strict-overflow -fdiagnostics-show-option -Wno-long-long -pthread -fomit-frame-pointer -ffunction-sections -fdata-sections  -msse -msse2 -msse3 -fvisibility=hidden -fvisibility-inlines-hidden -Wno-deprecated -Wno-missing-declarations -Wno-shadow -Wno-unused-parameter -Wno-unused-local-typedefs -Wno-sign-compare -Wno-sign-promo -Wno-undef -Wno-ignored-qualifiers -Wno-extra -Wno-unused-function -Wno-unused-const-variable  -O3 -DNDEBUG  -DNDEBUG   -Wl,--gc-sections -Wl,--as-needed -Wl,--no-undefined  CMakeFiles/cmTC_411e7.dir/src.cxx.o -o cmTC_411e7
make[1]: Leaving directory '/home/denatle/Rust/zernov_headset_rust/build/CMakeFiles/CMakeTmp'


===== END =====

Build output check failed:
    Regex: 'unrecognized .*option'
    Output line: 'cc1plus: note: unrecognized command-line option ‘-Wno-enum-compare-switch’ may have been intended to silence earlier diagnostics'
Compilation failed:
    source file: '/home/denatle/Rust/zernov_headset_rust/build/CMakeFiles/CMakeTmp/src.cxx'
    check option: ' -Wno-enum-compare-switch'
===== BUILD LOG =====
Change Dir: '/home/denatle/Rust/zernov_headset_rust/build/CMakeFiles/CMakeTmp'

Run Build Command(s): /usr/bin/cmake -E env VERBOSE=1 /usr/bin/make -f Makefile cmTC_7cb45/fast
/usr/bin/make  -f CMakeFiles/cmTC_7cb45.dir/build.make CMakeFiles/cmTC_7cb45.dir/build
make[1]: Entering directory '/home/denatle/Rust/zernov_headset_rust/build/CMakeFiles/CMakeTmp'
Building CXX object CMakeFiles/cmTC_7cb45.dir/src.cxx.o
/usr/bin/c++   -fsigned-char -W -Wall -Wreturn-type -Wnon-virtual-dtor -Waddress -Wsequence-point -Wformat -Wformat-security -Winit-self -Wpointer-arith -Wuninitialized -Wsuggest-override -Wno-delete-non-virtual-dtor -Wno-comment -Wimplicit-fallthrough=3 -Wno-strict-overflow -fdiagnostics-show-option -Wno-long-long -pthread -fomit-frame-pointer -ffunction-sections -fdata-sections  -msse -msse2 -msse3 -fvisibility=hidden -fvisibility-inlines-hidden -Wno-deprecated -Wno-missing-declarations -Wno-shadow -Wno-unused-parameter -Wno-unused-local-typedefs -Wno-sign-compare -Wno-sign-promo -Wno-undef -Wno-ignored-qualifiers -Wno-extra -Wno-unused-function -Wno-unused-const-variable -Wno-invalid-offsetof  -O3 -DNDEBUG  -DNDEBUG -std=c++11 -fPIE    -Wno-enum-compare-switch -o CMakeFiles/cmTC_7cb45.dir/src.cxx.o -c /home/denatle/Rust/zernov_headset_rust/build/CMakeFiles/CMakeTmp/src.cxx
/home/denatle/Rust/zernov_headset_rust/build/CMakeFiles/CMakeTmp/src.cxx:1: warning: ignoring ‘#pragma  ’ [-Wunknown-pragmas]
    1 | #pragma
      | 
cc1plus: note: unrecognized command-line option ‘-Wno-enum-compare-switch’ may have been intended to silence earlier diagnostics
Linking CXX executable cmTC_7cb45
/usr/bin/cmake -E cmake_link_script CMakeFiles/cmTC_7cb45.dir/link.txt --verbose=1
/usr/bin/c++    -fsigned-char -W -Wall -Wreturn-type -Wnon-virtual-dtor -Waddress -Wsequence-point -Wformat -Wformat-security -Winit-self -Wpointer-arith -Wuninitialized -Wsuggest-override -Wno-delete-non-virtual-dtor -Wno-comment -Wimplicit-fallthrough=3 -Wno-strict-overflow -fdiagnostics-show-option -Wno-long-long -pthread -fomit-frame-pointer -ffunction-sections -fdata-sections  -msse -msse2 -msse3 -fvisibility=hidden -fvisibility-inlines-hidden -Wno-deprecated -Wno-missing-declarations -Wno-shadow -Wno-unused-parameter -Wno-unused-local-typedefs -Wno-sign-compare -Wno-sign-promo -Wno-undef -Wno-ignored-qualifiers -Wno-extra -Wno-unused-function -Wno-unused-const-variable -Wno-invalid-offsetof  -O3 -DNDEBUG  -DNDEBUG   -Wl,--gc-sections -Wl,--as-needed -Wl,--no-undefined  CMakeFiles/cmTC_7cb45.dir/src.cxx.o -o cmTC_7cb45
make[1]: Leaving directory '/home/denatle/Rust/zernov_headset_rust/build/CMakeFiles/CMakeTmp'


===== END =====

Build output check failed:
    Regex: 'unrecognized .*option'
    Output line: 'cc1plus: note: unrecognized command-line option ‘-Wno-inconsistent-missing-override’ may have been intended to silence earlier diagnostics'
Compilation failed:
    source file: '/home/denatle/Rust/zernov_headset_rust/build/CMakeFiles/CMakeTmp/src.cxx'
    check option: ' -Wno-inconsistent-missing-override'
===== BUILD LOG =====
Change Dir: '/home/denatle/Rust/zernov_headset_rust/build/CMakeFiles/CMakeTmp'

Run Build Command(s): /usr/bin/cmake -E env VERBOSE=1 /usr/bin/make -f Makefile cmTC_86b74/fast
/usr/bin/make  -f CMakeFiles/cmTC_86b74.dir/build.make CMakeFiles/cmTC_86b74.dir/build
make[1]: Entering directory '/home/denatle/Rust/zernov_headset_rust/build/CMakeFiles/CMakeTmp'
Building CXX object CMakeFiles/cmTC_86b74.dir/src.cxx.o
/usr/bin/c++   -fsigned-char -W -Wall -Wreturn-type -Wnon-virtual-dtor -Waddress -Wsequence-point -Wformat -Wformat-security -Winit-self -Wpointer-arith -Wuninitialized -Wno-delete-non-virtual-dtor -Wno-comment -Wimplicit-fallthrough=3 -Wno-strict-overflow -fdiagnostics-show-option -Wno-long-long -pthread -fomit-frame-pointer -ffunction-sections -fdata-sections  -msse -msse2 -msse3 -fvisibility=hidden -fvisibility-inlines-hidden -Wno-deprecated -Wno-missing-declarations -Wno-shadow -Wno-unused-parameter -Wno-unused-local-typedefs -Wno-sign-compare -Wno-sign-promo -Wno-undef -Wno-ignored-qualifiers -Wno-extra -Wno-unused-function -Wno-unused-const-variable -Wno-invalid-offsetof -Wno-suggest-override  -O3 -DNDEBUG  -DNDEBUG -std=c++11 -fPIE    -Wno-inconsistent-missing-override -o CMakeFiles/cmTC_86b74.dir/src.cxx.o -c /home/denatle/Rust/zernov_headset_rust/build/CMakeFiles/CMakeTmp/src.cxx
/home/denatle/Rust/zernov_headset_rust/build/CMakeFiles/CMakeTmp/src.cxx:1: warning: ignoring ‘#pragma  ’ [-Wunknown-pragmas]
    1 | #pragma
      | 
cc1plus: note: unrecognized command-line option ‘-Wno-inconsistent-missing-override’ may have been intended to silence earlier diagnostics
Linking CXX executable cmTC_86b74
/usr/bin/cmake -E cmake_link_script CMakeFiles/cmTC_86b74.dir/link.txt --verbose=1
/usr/bin/c++    -fsigned-char -W -Wall -Wreturn-type -Wnon-virtual-dtor -Waddress -Wsequence-point -Wformat -Wformat-security -Winit-self -Wpointer-arith -Wuninitialized -Wno-delete-non-virtual-dtor -Wno-comment -Wimplicit-fallthrough=3 -Wno-strict-overflow -fdiagnostics-show-option -Wno-long-long -pthread -fomit-frame-pointer -ffunction-sections -fdata-sections  -msse -msse2 -msse3 -fvisibility=hidden -fvisibility-inlines-hidden -Wno-deprecated -Wno-missing-declarations -Wno-shadow -Wno-unused-parameter -Wno-unused-local-typedefs -Wno-sign-compare -Wno-sign-promo -Wno-undef -Wno-ignored-qualifiers -Wno-extra -Wno-unused-function -Wno-unused-const-variable -Wno-invalid-offsetof -Wno-suggest-override  -O3 -DNDEBUG  -DNDEBUG   -Wl,--gc-sections -Wl,--as-needed -Wl,--no-undefined  CMakeFiles/cmTC_86b74.dir/src.cxx.o -o cmTC_86b74
make[1]: Leaving directory '/home/denatle/Rust/zernov_headset_rust/build/CMakeFiles/CMakeTmp'


===== END =====

Build output check failed:
    Regex: 'unrecognized .*option'
    Output line: 'cc1plus: note: unrecognized command-line option ‘-Wno-comma’ may have been intended to silence earlier diagnostics'
Compilation failed:
    source file: '/home/denatle/Rust/zernov_headset_rust/build/CMakeFiles/CMakeTmp/src.cxx'
    check option: ' -Wno-comma'
===== BUILD LOG =====
Change Dir: '/home/denatle/Rust/zernov_headset_rust/build/CMakeFiles/CMakeTmp'

Run Build Command(s): /usr/bin/cmake -E env VERBOSE=1 /usr/bin/make -f Makefile cmTC_2cb5a/fast
/usr/bin/make  -f CMakeFiles/cmTC_2cb5a.dir/build.make CMakeFiles/cmTC_2cb5a.dir/build
make[1]: Entering directory '/home/denatle/Rust/zernov_headset_rust/build/CMakeFiles/CMakeTmp'
Building CXX object CMakeFiles/cmTC_2cb5a.dir/src.cxx.o
/usr/bin/c++   -fsigned-char -W -Wall -Wreturn-type -Wnon-virtual-dtor -Waddress -Wsequence-point -Wformat -Wformat-security -Winit-self -Wpointer-arith -Wuninitialized -Wno-delete-non-virtual-dtor -Wno-comment -Wno-strict-overflow -fdiagnostics-show-option -Wno-long-long -pthread -fomit-frame-pointer -ffunction-sections -fdata-sections  -msse -msse2 -msse3 -fvisibility=hidden -fvisibility-inlines-hidden -Wno-deprecated -Wno-missing-declarations -Wno-shadow -Wno-unused-parameter -Wno-unused-local-typedefs -Wno-sign-compare -Wno-sign-promo -Wno-undef -Wno-ignored-qualifiers -Wno-extra -Wno-unused-function -Wno-unused-const-variable -Wno-invalid-offsetof -Wno-suggest-override -Wno-implicit-fallthrough -Wno-array-bounds -Wno-stringop-overflow -Wno-stringop-overread -Wno-extra-semi  -O3 -DNDEBUG  -DNDEBUG -std=c++11 -fPIE    -Wno-comma -o CMakeFiles/cmTC_2cb5a.dir/src.cxx.o -c /home/denatle/Rust/zernov_headset_rust/build/CMakeFiles/CMakeTmp/src.cxx
/home/denatle/Rust/zernov_headset_rust/build/CMakeFiles/CMakeTmp/src.cxx:1: warning: ignoring ‘#pragma  ’ [-Wunknown-pragmas]
    1 | #pragma
      | 
cc1plus: note: unrecognized command-line option ‘-Wno-comma’ may have been intended to silence earlier diagnostics
Linking CXX executable cmTC_2cb5a
/usr/bin/cmake -E cmake_link_script CMakeFiles/cmTC_2cb5a.dir/link.txt --verbose=1
/usr/bin/c++    -fsigned-char -W -Wall -Wreturn-type -Wnon-virtual-dtor -Waddress -Wsequence-point -Wformat -Wformat-security -Winit-self -Wpointer-arith -Wuninitialized -Wno-delete-non-virtual-dtor -Wno-comment -Wno-strict-overflow -fdiagnostics-show-option -Wno-long-long -pthread -fomit-frame-pointer -ffunction-sections -fdata-sections  -msse -msse2 -msse3 -fvisibility=hidden -fvisibility-inlines-hidden -Wno-deprecated -Wno-missing-declarations -Wno-shadow -Wno-unused-parameter -Wno-unused-local-typedefs -Wno-sign-compare -Wno-sign-promo -Wno-undef -Wno-ignored-qualifiers -Wno-extra -Wno-unused-function -Wno-unused-const-variable -Wno-invalid-offsetof -Wno-suggest-override -Wno-implicit-fallthrough -Wno-array-bounds -Wno-stringop-overflow -Wno-stringop-overread -Wno-extra-semi  -O3 -DNDEBUG  -DNDEBUG   -Wl,--gc-sections -Wl,--as-needed -Wl,--no-undefined  CMakeFiles/cmTC_2cb5a.dir/src.cxx.o -o cmTC_2cb5a
make[1]: Leaving directory '/home/denatle/Rust/zernov_headset_rust/build/CMakeFiles/CMakeTmp'


===== END =====

